----------

Sat Jul 06 2024 05:18:28 GMT-0600 (hora estándar central)

cp: no se puede efectuar `stat' sobre 'bootstrap/assets': No existe el fichero o el directorio


----------

Sat Jul 06 2024 05:19:22 GMT-0600 (hora estándar central)

cp: no se puede efectuar `stat' sobre 'assets': No existe el fichero o el directorio


----------

Sat Jul 06 2024 05:20:19 GMT-0600 (hora estándar central)

cp: no se puede efectuar `stat' sobre 'assets/*': No existe el fichero o el directorio


----------

Sat Jul 06 2024 05:21:14 GMT-0600 (hora estándar central)

cp: no se puede efectuar `stat' sobre 'bs-design/assets/*': No existe el fichero o el directorio


----------

Sat Jul 06 2024 05:21:39 GMT-0600 (hora estándar central)

cp: no se puede efectuar `stat' sobre 'bs-design/assets/': No existe el fichero o el directorio


----------

Sat Jul 06 2024 05:21:55 GMT-0600 (hora estándar central)

cp: no se puede efectuar `stat' sobre 'bs-design/assets': No existe el fichero o el directorio


----------

Sat Jul 06 2024 05:22:28 GMT-0600 (hora estándar central)

cp: no se puede efectuar `stat' sobre 'bs-design/assets'

----------

Sat Jul 06 2024 05:22:28 GMT-0600 (hora estándar central)

: No existe el fichero o el directorio


----------

Sat Jul 06 2024 05:23:10 GMT-0600 (hora estándar central)

Script /media/darkseid/DATA/Repos/castelancarpinteyro.com/bs-design/bs-export.sh couldn't be run

----------

Sat Jul 06 2024 05:23:33 GMT-0600 (hora estándar central)

cp: no se puede efectuar `stat' sobre 'bs-design/assets': No existe el fichero o el directorio


----------

Sat Jul 06 2024 05:23:58 GMT-0600 (hora estándar central)

cp: no se puede efectuar `stat' sobre 'bs-design/assets': No existe el fichero o el directorio


----------

Sat Jul 06 2024 05:28:41 GMT-0600 (hora estándar central)

mv: no se puede efectuar `stat' sobre 'bs-design/assets/': No existe el fichero o el directorio


----------

Sat Jul 06 2024 05:33:52 GMT-0600 (hora estándar central)

mkdir: no se puede crear el directorio «public/assets»: No existe el fichero o el directorio


----------

Sat Jul 06 2024 05:33:52 GMT-0600 (hora estándar central)

mv: no se puede efectuar `stat' sobre 'bs-design/assets/*': No existe el fichero o el directorio


----------

Sat Jul 06 2024 05:34:43 GMT-0600 (hora estándar central)

mkdir: no se puede crear el directorio «public/assets»: No existe el fichero o el directorio


----------

Sat Jul 06 2024 05:34:43 GMT-0600 (hora estándar central)

mv: no se puede efectuar `stat' sobre 'bs-design/assets/*': No existe el fichero o el directorio


----------

Sat Jul 06 2024 05:34:43 GMT-0600 (hora estándar central)

rm: no se puede borrar 'bs-design/assets': No existe el fichero o el directorio


